0 info it worked if it ends with ok
1 verbose cli [ '/usr/local/bin/node',
1 verbose cli   '/usr/local/bin/npm',
1 verbose cli   'i',
1 verbose cli   '--save',
1 verbose cli   'slug' ]
2 info using npm@3.8.6
3 info using node@v5.2.0
4 silly loadCurrentTree Starting
5 silly install loadCurrentTree
6 silly install readLocalPackageData
7 silly fetchPackageMetaData slug
8 silly fetchNamedPackageData slug
9 silly mapToRegistry name slug
10 silly mapToRegistry using default registry
11 silly mapToRegistry registry https://registry.npmjs.org/
12 silly mapToRegistry data Result {
12 silly mapToRegistry   raw: 'slug',
12 silly mapToRegistry   scope: null,
12 silly mapToRegistry   name: 'slug',
12 silly mapToRegistry   rawSpec: '',
12 silly mapToRegistry   spec: 'latest',
12 silly mapToRegistry   type: 'tag' }
13 silly mapToRegistry uri https://registry.npmjs.org/slug
14 verbose request uri https://registry.npmjs.org/slug
15 verbose request no auth needed
16 info attempt registry request try #1 at 7:01:19 PM
17 verbose request id ac0f4bbcd5ae68c4
18 verbose etag "5JKDOQC96L1YQ17TPBCUETE3M"
19 http request GET https://registry.npmjs.org/slug
20 http 200 https://registry.npmjs.org/slug
21 verbose headers { server: 'CouchDB/1.5.0 (Erlang OTP/R16B03)',
21 verbose headers   etag: '"9ONSJ4LY8Y6NQD5FU74PBS7D6"',
21 verbose headers   'content-type': 'application/json',
21 verbose headers   'content-encoding': 'gzip',
21 verbose headers   'cache-control': 'max-age=300',
21 verbose headers   'content-length': '4492',
21 verbose headers   'accept-ranges': 'bytes',
21 verbose headers   date: 'Tue, 06 Sep 2016 22:01:24 GMT',
21 verbose headers   via: '1.1 varnish',
21 verbose headers   age: '0',
21 verbose headers   connection: 'keep-alive',
21 verbose headers   'x-served-by': 'cache-gru7123-GRU',
21 verbose headers   'x-cache': 'MISS',
21 verbose headers   'x-cache-hits': '0',
21 verbose headers   'x-timer': 'S1473199284.790676,VS0,VE198',
21 verbose headers   vary: 'Accept-Encoding' }
22 silly get cb [ 200,
22 silly get   { server: 'CouchDB/1.5.0 (Erlang OTP/R16B03)',
22 silly get     etag: '"9ONSJ4LY8Y6NQD5FU74PBS7D6"',
22 silly get     'content-type': 'application/json',
22 silly get     'content-encoding': 'gzip',
22 silly get     'cache-control': 'max-age=300',
22 silly get     'content-length': '4492',
22 silly get     'accept-ranges': 'bytes',
22 silly get     date: 'Tue, 06 Sep 2016 22:01:24 GMT',
22 silly get     via: '1.1 varnish',
22 silly get     age: '0',
22 silly get     connection: 'keep-alive',
22 silly get     'x-served-by': 'cache-gru7123-GRU',
22 silly get     'x-cache': 'MISS',
22 silly get     'x-cache-hits': '0',
22 silly get     'x-timer': 'S1473199284.790676,VS0,VE198',
22 silly get     vary: 'Accept-Encoding' } ]
23 verbose get saving slug to /Users/macbookpro/.npm/registry.npmjs.org/slug/.cache.json
24 verbose correctMkdir /Users/macbookpro/.npm correctMkdir not in flight; initializing
25 silly install normalizeTree
26 silly loadCurrentTree Finishing
27 silly loadIdealTree Starting
28 silly install loadIdealTree
29 silly cloneCurrentTree Starting
30 silly install cloneCurrentTreeToIdealTree
31 silly cloneCurrentTree Finishing
32 silly loadShrinkwrap Starting
33 silly install loadShrinkwrap
34 silly loadShrinkwrap Finishing
35 silly loadAllDepsIntoIdealTree Starting
36 silly install loadAllDepsIntoIdealTree
37 silly resolveWithNewModule slug@0.9.1 checking installable status
38 silly cache add args [ 'slug', null ]
39 verbose cache add spec slug
40 silly cache add parsed spec Result {
40 silly cache add   raw: 'slug',
40 silly cache add   scope: null,
40 silly cache add   name: 'slug',
40 silly cache add   rawSpec: '',
40 silly cache add   spec: 'latest',
40 silly cache add   type: 'tag' }
41 silly addNamed slug@latest
42 verbose addNamed "latest" is being treated as a dist-tag for slug
43 info addNameTag [ 'slug', 'latest' ]
44 silly mapToRegistry name slug
45 silly mapToRegistry using default registry
46 silly mapToRegistry registry https://registry.npmjs.org/
47 silly mapToRegistry data Result {
47 silly mapToRegistry   raw: 'slug',
47 silly mapToRegistry   scope: null,
47 silly mapToRegistry   name: 'slug',
47 silly mapToRegistry   rawSpec: '',
47 silly mapToRegistry   spec: 'latest',
47 silly mapToRegistry   type: 'tag' }
48 silly mapToRegistry uri https://registry.npmjs.org/slug
49 verbose addNameTag registry:https://registry.npmjs.org/slug not in flight; fetching
50 verbose get https://registry.npmjs.org/slug not expired, no request
51 silly addNameTag next cb for slug with tag latest
52 silly addNamed slug@0.9.1
53 verbose addNamed "0.9.1" is a plain semver version for slug
54 silly cache afterAdd slug@0.9.1
55 verbose afterAdd /Users/macbookpro/.npm/slug/0.9.1/package/package.json not in flight; writing
56 verbose correctMkdir /Users/macbookpro/.npm correctMkdir not in flight; initializing
57 verbose afterAdd /Users/macbookpro/.npm/slug/0.9.1/package/package.json written
58 silly fetchNamedPackageData unicode
59 silly mapToRegistry name unicode
60 silly mapToRegistry using default registry
61 silly mapToRegistry registry https://registry.npmjs.org/
62 silly mapToRegistry data Result {
62 silly mapToRegistry   raw: 'unicode',
62 silly mapToRegistry   scope: null,
62 silly mapToRegistry   name: 'unicode',
62 silly mapToRegistry   rawSpec: '',
62 silly mapToRegistry   spec: 'latest',
62 silly mapToRegistry   type: 'tag' }
63 silly mapToRegistry uri https://registry.npmjs.org/unicode
64 verbose request uri https://registry.npmjs.org/unicode
65 verbose request no auth needed
66 info attempt registry request try #1 at 7:01:25 PM
67 verbose etag "6WYU4XOQZL6XIMZTBBEV4UGQN"
68 http request GET https://registry.npmjs.org/unicode
69 http 200 https://registry.npmjs.org/unicode
70 verbose headers { server: 'CouchDB/1.5.0 (Erlang OTP/R16B03)',
70 verbose headers   etag: '"BD5QJAKQHKYSCHJAL0J9W9KE2"',
70 verbose headers   'content-type': 'application/json',
70 verbose headers   'content-encoding': 'gzip',
70 verbose headers   'cache-control': 'max-age=300',
70 verbose headers   'content-length': '4664',
70 verbose headers   'accept-ranges': 'bytes',
70 verbose headers   date: 'Tue, 06 Sep 2016 22:01:26 GMT',
70 verbose headers   via: '1.1 varnish',
70 verbose headers   age: '0',
70 verbose headers   connection: 'keep-alive',
70 verbose headers   'x-served-by': 'cache-gru7127-GRU',
70 verbose headers   'x-cache': 'MISS',
70 verbose headers   'x-cache-hits': '0',
70 verbose headers   'x-timer': 'S1473199285.584699,VS0,VE777',
70 verbose headers   vary: 'Accept-Encoding' }
71 silly get cb [ 200,
71 silly get   { server: 'CouchDB/1.5.0 (Erlang OTP/R16B03)',
71 silly get     etag: '"BD5QJAKQHKYSCHJAL0J9W9KE2"',
71 silly get     'content-type': 'application/json',
71 silly get     'content-encoding': 'gzip',
71 silly get     'cache-control': 'max-age=300',
71 silly get     'content-length': '4664',
71 silly get     'accept-ranges': 'bytes',
71 silly get     date: 'Tue, 06 Sep 2016 22:01:26 GMT',
71 silly get     via: '1.1 varnish',
71 silly get     age: '0',
71 silly get     connection: 'keep-alive',
71 silly get     'x-served-by': 'cache-gru7127-GRU',
71 silly get     'x-cache': 'MISS',
71 silly get     'x-cache-hits': '0',
71 silly get     'x-timer': 'S1473199285.584699,VS0,VE777',
71 silly get     vary: 'Accept-Encoding' } ]
72 verbose get saving unicode to /Users/macbookpro/.npm/registry.npmjs.org/unicode/.cache.json
73 verbose correctMkdir /Users/macbookpro/.npm correctMkdir not in flight; initializing
74 silly resolveWithNewModule unicode@0.6.1 checking installable status
75 silly cache add args [ 'unicode@>= 0.3.1', null ]
76 verbose cache add spec unicode@>= 0.3.1
77 silly cache add parsed spec Result {
77 silly cache add   raw: 'unicode@>= 0.3.1',
77 silly cache add   scope: null,
77 silly cache add   name: 'unicode',
77 silly cache add   rawSpec: '>= 0.3.1',
77 silly cache add   spec: '>=0.3.1',
77 silly cache add   type: 'range' }
78 silly addNamed unicode@>=0.3.1
79 verbose addNamed ">=0.3.1" is a valid semver range for unicode
80 silly addNameRange { name: 'unicode', range: '>=0.3.1', hasData: false }
81 silly mapToRegistry name unicode
82 silly mapToRegistry using default registry
83 silly mapToRegistry registry https://registry.npmjs.org/
84 silly mapToRegistry data Result {
84 silly mapToRegistry   raw: 'unicode',
84 silly mapToRegistry   scope: null,
84 silly mapToRegistry   name: 'unicode',
84 silly mapToRegistry   rawSpec: '',
84 silly mapToRegistry   spec: 'latest',
84 silly mapToRegistry   type: 'tag' }
85 silly mapToRegistry uri https://registry.npmjs.org/unicode
86 verbose addNameRange registry:https://registry.npmjs.org/unicode not in flight; fetching
87 verbose get https://registry.npmjs.org/unicode not expired, no request
88 silly addNameRange number 2 { name: 'unicode', range: '>=0.3.1', hasData: true }
89 silly addNameRange versions [ 'unicode',
89 silly addNameRange   [ '0.0.1',
89 silly addNameRange     '0.1.0',
89 silly addNameRange     '0.1.1',
89 silly addNameRange     '0.1.2',
89 silly addNameRange     '0.1.3',
89 silly addNameRange     '0.1.3-1',
89 silly addNameRange     '0.1.3-2',
89 silly addNameRange     '0.1.3-3',
89 silly addNameRange     '0.1.3-4',
89 silly addNameRange     '0.1.3-5',
89 silly addNameRange     '0.1.3-6',
89 silly addNameRange     '0.1.3-7',
89 silly addNameRange     '0.1.4',
89 silly addNameRange     '0.2.0',
89 silly addNameRange     '0.2.1',
89 silly addNameRange     '0.3.0',
89 silly addNameRange     '0.3.1',
89 silly addNameRange     '0.4.0',
89 silly addNameRange     '0.4.1',
89 silly addNameRange     '0.4.2',
89 silly addNameRange     '0.4.3',
89 silly addNameRange     '0.4.4',
89 silly addNameRange     '0.4.5',
89 silly addNameRange     '0.4.6',
89 silly addNameRange     '0.4.7',
89 silly addNameRange     '0.4.8',
89 silly addNameRange     '0.4.9',
89 silly addNameRange     '0.5.0',
89 silly addNameRange     '0.5.1',
89 silly addNameRange     '0.5.2',
89 silly addNameRange     '0.5.3',
89 silly addNameRange     '0.6.0',
89 silly addNameRange     '0.6.1' ] ]
90 silly addNamed unicode@0.6.1
91 verbose addNamed "0.6.1" is a plain semver version for unicode
92 silly cache afterAdd unicode@0.6.1
93 verbose afterAdd /Users/macbookpro/.npm/unicode/0.6.1/package/package.json not in flight; writing
94 verbose correctMkdir /Users/macbookpro/.npm correctMkdir not in flight; initializing
95 verbose afterAdd /Users/macbookpro/.npm/unicode/0.6.1/package/package.json written
96 silly fetchNamedPackageData bufferstream
97 silly mapToRegistry name bufferstream
98 silly mapToRegistry using default registry
99 silly mapToRegistry registry https://registry.npmjs.org/
100 silly mapToRegistry data Result {
100 silly mapToRegistry   raw: 'bufferstream',
100 silly mapToRegistry   scope: null,
100 silly mapToRegistry   name: 'bufferstream',
100 silly mapToRegistry   rawSpec: '',
100 silly mapToRegistry   spec: 'latest',
100 silly mapToRegistry   type: 'tag' }
101 silly mapToRegistry uri https://registry.npmjs.org/bufferstream
102 verbose request uri https://registry.npmjs.org/bufferstream
103 verbose request no auth needed
104 info attempt registry request try #1 at 7:01:26 PM
105 verbose etag "6QV2CVO5RUI07S5RL45JWZAVR"
106 http request GET https://registry.npmjs.org/bufferstream
107 http 304 https://registry.npmjs.org/bufferstream
108 verbose headers { date: 'Tue, 06 Sep 2016 22:01:26 GMT',
108 verbose headers   via: '1.1 varnish',
108 verbose headers   'cache-control': 'max-age=300',
108 verbose headers   etag: '"6QV2CVO5RUI07S5RL45JWZAVR"',
108 verbose headers   age: '0',
108 verbose headers   connection: 'keep-alive',
108 verbose headers   'x-served-by': 'cache-gru7125-GRU',
108 verbose headers   'x-cache': 'HIT',
108 verbose headers   'x-cache-hits': '1',
108 verbose headers   'x-timer': 'S1473199286.902094,VS0,VE205',
108 verbose headers   vary: 'Accept-Encoding' }
109 silly get cb [ 304,
109 silly get   { date: 'Tue, 06 Sep 2016 22:01:26 GMT',
109 silly get     via: '1.1 varnish',
109 silly get     'cache-control': 'max-age=300',
109 silly get     etag: '"6QV2CVO5RUI07S5RL45JWZAVR"',
109 silly get     age: '0',
109 silly get     connection: 'keep-alive',
109 silly get     'x-served-by': 'cache-gru7125-GRU',
109 silly get     'x-cache': 'HIT',
109 silly get     'x-cache-hits': '1',
109 silly get     'x-timer': 'S1473199286.902094,VS0,VE205',
109 silly get     vary: 'Accept-Encoding' } ]
110 verbose etag https://registry.npmjs.org/bufferstream from cache
111 verbose get saving bufferstream to /Users/macbookpro/.npm/registry.npmjs.org/bufferstream/.cache.json
112 verbose correctMkdir /Users/macbookpro/.npm correctMkdir not in flight; initializing
113 silly resolveWithNewModule bufferstream@0.6.2 checking installable status
114 silly cache add args [ 'bufferstream@>= 0.6.2', null ]
115 verbose cache add spec bufferstream@>= 0.6.2
116 silly cache add parsed spec Result {
116 silly cache add   raw: 'bufferstream@>= 0.6.2',
116 silly cache add   scope: null,
116 silly cache add   name: 'bufferstream',
116 silly cache add   rawSpec: '>= 0.6.2',
116 silly cache add   spec: '>=0.6.2',
116 silly cache add   type: 'range' }
117 silly addNamed bufferstream@>=0.6.2
118 verbose addNamed ">=0.6.2" is a valid semver range for bufferstream
119 silly addNameRange { name: 'bufferstream', range: '>=0.6.2', hasData: false }
120 silly mapToRegistry name bufferstream
121 silly mapToRegistry using default registry
122 silly mapToRegistry registry https://registry.npmjs.org/
123 silly mapToRegistry data Result {
123 silly mapToRegistry   raw: 'bufferstream',
123 silly mapToRegistry   scope: null,
123 silly mapToRegistry   name: 'bufferstream',
123 silly mapToRegistry   rawSpec: '',
123 silly mapToRegistry   spec: 'latest',
123 silly mapToRegistry   type: 'tag' }
124 silly mapToRegistry uri https://registry.npmjs.org/bufferstream
125 verbose addNameRange registry:https://registry.npmjs.org/bufferstream not in flight; fetching
126 verbose get https://registry.npmjs.org/bufferstream not expired, no request
127 silly addNameRange number 2 { name: 'bufferstream', range: '>=0.6.2', hasData: true }
128 silly addNameRange versions [ 'bufferstream',
128 silly addNameRange   [ '0.0.2',
128 silly addNameRange     '0.0.3',
128 silly addNameRange     '0.1.0',
128 silly addNameRange     '0.1.1',
128 silly addNameRange     '0.1.2',
128 silly addNameRange     '0.1.2-1',
128 silly addNameRange     '0.1.2-2',
128 silly addNameRange     '0.1.2-3',
128 silly addNameRange     '0.1.2-4',
128 silly addNameRange     '0.1.2-5',
128 silly addNameRange     '0.1.2-6',
128 silly addNameRange     '0.1.3',
128 silly addNameRange     '0.1.4',
128 silly addNameRange     '0.1.5',
128 silly addNameRange     '0.1.6',
128 silly addNameRange     '0.2.0',
128 silly addNameRange     '0.3.0',
128 silly addNameRange     '0.4.0',
128 silly addNameRange     '0.4.1',
128 silly addNameRange     '0.4.2',
128 silly addNameRange     '0.4.3',
128 silly addNameRange     '0.4.4',
128 silly addNameRange     '0.4.5',
128 silly addNameRange     '0.4.6',
128 silly addNameRange     '0.4.7',
128 silly addNameRange     '0.4.8',
128 silly addNameRange     '0.4.9',
128 silly addNameRange     '0.4.10',
128 silly addNameRange     '0.5.0-pre',
128 silly addNameRange     '0.5.0-pre2',
128 silly addNameRange     '0.5.0',
128 silly addNameRange     '0.5.1',
128 silly addNameRange     '0.5.2',
128 silly addNameRange     '0.6.0',
128 silly addNameRange     '0.6.1',
128 silly addNameRange     '0.6.2' ] ]
129 silly addNamed bufferstream@0.6.2
130 verbose addNamed "0.6.2" is a plain semver version for bufferstream
131 silly cache afterAdd bufferstream@0.6.2
132 verbose afterAdd /Users/macbookpro/.npm/bufferstream/0.6.2/package/package.json not in flight; writing
133 verbose correctMkdir /Users/macbookpro/.npm correctMkdir not in flight; initializing
134 verbose afterAdd /Users/macbookpro/.npm/bufferstream/0.6.2/package/package.json written
135 silly fetchNamedPackageData bufferjs
136 silly mapToRegistry name bufferjs
137 silly mapToRegistry using default registry
138 silly mapToRegistry registry https://registry.npmjs.org/
139 silly mapToRegistry data Result {
139 silly mapToRegistry   raw: 'bufferjs',
139 silly mapToRegistry   scope: null,
139 silly mapToRegistry   name: 'bufferjs',
139 silly mapToRegistry   rawSpec: '',
139 silly mapToRegistry   spec: 'latest',
139 silly mapToRegistry   type: 'tag' }
140 silly mapToRegistry uri https://registry.npmjs.org/bufferjs
141 silly fetchNamedPackageData buffertools
142 silly mapToRegistry name buffertools
143 silly mapToRegistry using default registry
144 silly mapToRegistry registry https://registry.npmjs.org/
145 silly mapToRegistry data Result {
145 silly mapToRegistry   raw: 'buffertools',
145 silly mapToRegistry   scope: null,
145 silly mapToRegistry   name: 'buffertools',
145 silly mapToRegistry   rawSpec: '',
145 silly mapToRegistry   spec: 'latest',
145 silly mapToRegistry   type: 'tag' }
146 silly mapToRegistry uri https://registry.npmjs.org/buffertools
147 verbose request uri https://registry.npmjs.org/bufferjs
148 verbose request no auth needed
149 info attempt registry request try #1 at 7:01:27 PM
150 verbose etag "2W3GJSAN9S8MSVSA6OZLFQLV5"
151 http request GET https://registry.npmjs.org/bufferjs
152 verbose request uri https://registry.npmjs.org/buffertools
153 verbose request no auth needed
154 info attempt registry request try #1 at 7:01:27 PM
155 verbose etag "83UA3TH94RMTYWHXFKMS4AP8U"
156 http request GET https://registry.npmjs.org/buffertools
157 http 200 https://registry.npmjs.org/buffertools
158 verbose headers { server: 'CouchDB/1.5.0 (Erlang OTP/R16B03)',
158 verbose headers   etag: '"7A3XM081RG5ECFPRPHGOV5CBV"',
158 verbose headers   'content-type': 'application/json',
158 verbose headers   'content-encoding': 'gzip',
158 verbose headers   'cache-control': 'max-age=300',
158 verbose headers   'content-length': '5579',
158 verbose headers   'accept-ranges': 'bytes',
158 verbose headers   date: 'Tue, 06 Sep 2016 22:01:27 GMT',
158 verbose headers   via: '1.1 varnish',
158 verbose headers   age: '0',
158 verbose headers   connection: 'keep-alive',
158 verbose headers   'x-served-by': 'cache-gru7122-GRU',
158 verbose headers   'x-cache': 'HIT',
158 verbose headers   'x-cache-hits': '1',
158 verbose headers   'x-timer': 'S1473199287.358347,VS0,VE154',
158 verbose headers   vary: 'Accept-Encoding' }
159 silly get cb [ 200,
159 silly get   { server: 'CouchDB/1.5.0 (Erlang OTP/R16B03)',
159 silly get     etag: '"7A3XM081RG5ECFPRPHGOV5CBV"',
159 silly get     'content-type': 'application/json',
159 silly get     'content-encoding': 'gzip',
159 silly get     'cache-control': 'max-age=300',
159 silly get     'content-length': '5579',
159 silly get     'accept-ranges': 'bytes',
159 silly get     date: 'Tue, 06 Sep 2016 22:01:27 GMT',
159 silly get     via: '1.1 varnish',
159 silly get     age: '0',
159 silly get     connection: 'keep-alive',
159 silly get     'x-served-by': 'cache-gru7122-GRU',
159 silly get     'x-cache': 'HIT',
159 silly get     'x-cache-hits': '1',
159 silly get     'x-timer': 'S1473199287.358347,VS0,VE154',
159 silly get     vary: 'Accept-Encoding' } ]
160 verbose get saving buffertools to /Users/macbookpro/.npm/registry.npmjs.org/buffertools/.cache.json
161 verbose correctMkdir /Users/macbookpro/.npm correctMkdir not in flight; initializing
162 silly resolveWithNewModule buffertools@2.1.4 checking installable status
163 silly cache add args [ 'buffertools@>= 1.0.3', null ]
164 verbose cache add spec buffertools@>= 1.0.3
165 silly cache add parsed spec Result {
165 silly cache add   raw: 'buffertools@>= 1.0.3',
165 silly cache add   scope: null,
165 silly cache add   name: 'buffertools',
165 silly cache add   rawSpec: '>= 1.0.3',
165 silly cache add   spec: '>=1.0.3',
165 silly cache add   type: 'range' }
166 silly addNamed buffertools@>=1.0.3
167 verbose addNamed ">=1.0.3" is a valid semver range for buffertools
168 silly addNameRange { name: 'buffertools', range: '>=1.0.3', hasData: false }
169 silly mapToRegistry name buffertools
170 silly mapToRegistry using default registry
171 silly mapToRegistry registry https://registry.npmjs.org/
172 silly mapToRegistry data Result {
172 silly mapToRegistry   raw: 'buffertools',
172 silly mapToRegistry   scope: null,
172 silly mapToRegistry   name: 'buffertools',
172 silly mapToRegistry   rawSpec: '',
172 silly mapToRegistry   spec: 'latest',
172 silly mapToRegistry   type: 'tag' }
173 silly mapToRegistry uri https://registry.npmjs.org/buffertools
174 verbose addNameRange registry:https://registry.npmjs.org/buffertools not in flight; fetching
175 verbose get https://registry.npmjs.org/buffertools not expired, no request
176 silly addNameRange number 2 { name: 'buffertools', range: '>=1.0.3', hasData: true }
177 silly addNameRange versions [ 'buffertools',
177 silly addNameRange   [ '1.0.0',
177 silly addNameRange     '1.0.1',
177 silly addNameRange     '1.0.2',
177 silly addNameRange     '1.0.3',
177 silly addNameRange     '1.0.4',
177 silly addNameRange     '1.0.5',
177 silly addNameRange     '1.0.6',
177 silly addNameRange     '1.0.7',
177 silly addNameRange     '1.0.8',
177 silly addNameRange     '1.0.9',
177 silly addNameRange     '1.1.0',
177 silly addNameRange     '1.1.1',
177 silly addNameRange     '2.0.0',
177 silly addNameRange     '2.0.1',
177 silly addNameRange     '2.1.0',
177 silly addNameRange     '2.1.1',
177 silly addNameRange     '2.1.2',
177 silly addNameRange     '2.1.3',
177 silly addNameRange     '2.1.4' ] ]
178 silly addNamed buffertools@2.1.4
179 verbose addNamed "2.1.4" is a plain semver version for buffertools
180 http 200 https://registry.npmjs.org/bufferjs
181 verbose headers { server: 'CouchDB/1.6.1 (Erlang OTP/R16B03)',
181 verbose headers   etag: '"31YK9MHIQ7RUEY7GU02M7RV39"',
181 verbose headers   'content-type': 'application/json',
181 verbose headers   'content-encoding': 'gzip',
181 verbose headers   'cache-control': 'max-age=300',
181 verbose headers   'content-length': '2014',
181 verbose headers   'accept-ranges': 'bytes',
181 verbose headers   date: 'Tue, 06 Sep 2016 22:01:27 GMT',
181 verbose headers   via: '1.1 varnish',
181 verbose headers   age: '0',
181 verbose headers   connection: 'keep-alive',
181 verbose headers   'x-served-by': 'cache-gru7127-GRU',
181 verbose headers   'x-cache': 'HIT',
181 verbose headers   'x-cache-hits': '1',
181 verbose headers   'x-timer': 'S1473199287.354770,VS0,VE191',
181 verbose headers   vary: 'Accept-Encoding' }
182 silly get cb [ 200,
182 silly get   { server: 'CouchDB/1.6.1 (Erlang OTP/R16B03)',
182 silly get     etag: '"31YK9MHIQ7RUEY7GU02M7RV39"',
182 silly get     'content-type': 'application/json',
182 silly get     'content-encoding': 'gzip',
182 silly get     'cache-control': 'max-age=300',
182 silly get     'content-length': '2014',
182 silly get     'accept-ranges': 'bytes',
182 silly get     date: 'Tue, 06 Sep 2016 22:01:27 GMT',
182 silly get     via: '1.1 varnish',
182 silly get     age: '0',
182 silly get     connection: 'keep-alive',
182 silly get     'x-served-by': 'cache-gru7127-GRU',
182 silly get     'x-cache': 'HIT',
182 silly get     'x-cache-hits': '1',
182 silly get     'x-timer': 'S1473199287.354770,VS0,VE191',
182 silly get     vary: 'Accept-Encoding' } ]
183 verbose get saving bufferjs to /Users/macbookpro/.npm/registry.npmjs.org/bufferjs/.cache.json
184 verbose correctMkdir /Users/macbookpro/.npm correctMkdir not in flight; initializing
185 silly resolveWithNewModule bufferjs@3.0.1 checking installable status
186 silly cache add args [ 'bufferjs@>= 2.0.0', null ]
187 verbose cache add spec bufferjs@>= 2.0.0
188 silly cache add parsed spec Result {
188 silly cache add   raw: 'bufferjs@>= 2.0.0',
188 silly cache add   scope: null,
188 silly cache add   name: 'bufferjs',
188 silly cache add   rawSpec: '>= 2.0.0',
188 silly cache add   spec: '>=2.0.0',
188 silly cache add   type: 'range' }
189 silly addNamed bufferjs@>=2.0.0
190 verbose addNamed ">=2.0.0" is a valid semver range for bufferjs
191 silly addNameRange { name: 'bufferjs', range: '>=2.0.0', hasData: false }
192 silly mapToRegistry name bufferjs
193 silly mapToRegistry using default registry
194 silly mapToRegistry registry https://registry.npmjs.org/
195 silly mapToRegistry data Result {
195 silly mapToRegistry   raw: 'bufferjs',
195 silly mapToRegistry   scope: null,
195 silly mapToRegistry   name: 'bufferjs',
195 silly mapToRegistry   rawSpec: '',
195 silly mapToRegistry   spec: 'latest',
195 silly mapToRegistry   type: 'tag' }
196 silly mapToRegistry uri https://registry.npmjs.org/bufferjs
197 verbose addNameRange registry:https://registry.npmjs.org/bufferjs not in flight; fetching
198 verbose get https://registry.npmjs.org/bufferjs not expired, no request
199 silly addNameRange number 2 { name: 'bufferjs', range: '>=2.0.0', hasData: true }
200 silly addNameRange versions [ 'bufferjs',
200 silly addNameRange   [ '0.2.0',
200 silly addNameRange     '0.2.1',
200 silly addNameRange     '0.2.3',
200 silly addNameRange     '1.0.0',
200 silly addNameRange     '1.0.1',
200 silly addNameRange     '1.0.2',
200 silly addNameRange     '1.1.0',
200 silly addNameRange     '1.2.0',
200 silly addNameRange     '1.2.1',
200 silly addNameRange     '2.0.0',
200 silly addNameRange     '3.0.0',
200 silly addNameRange     '3.0.1' ] ]
201 silly addNamed bufferjs@3.0.1
202 verbose addNamed "3.0.1" is a plain semver version for bufferjs
203 silly cache afterAdd buffertools@2.1.4
204 verbose afterAdd /Users/macbookpro/.npm/buffertools/2.1.4/package/package.json not in flight; writing
205 verbose correctMkdir /Users/macbookpro/.npm correctMkdir not in flight; initializing
206 silly cache afterAdd bufferjs@3.0.1
207 verbose afterAdd /Users/macbookpro/.npm/bufferjs/3.0.1/package/package.json not in flight; writing
208 verbose correctMkdir /Users/macbookpro/.npm correctMkdir not in flight; initializing
209 verbose afterAdd /Users/macbookpro/.npm/buffertools/2.1.4/package/package.json written
210 verbose afterAdd /Users/macbookpro/.npm/bufferjs/3.0.1/package/package.json written
211 silly loadAllDepsIntoIdealTree Finishing
212 silly idealTree:prePrune hairdresser-helper-api@1.0.0
212 silly idealTree:prePrune ├── accepts@1.3.3
212 silly idealTree:prePrune ├── array-flatten@1.1.1
212 silly idealTree:prePrune ├── assert@1.4.1
212 silly idealTree:prePrune ├── body-parser@1.15.2
212 silly idealTree:prePrune ├── bson@0.5.4
212 silly idealTree:prePrune ├── buffer-shims@1.0.0
212 silly idealTree:prePrune ├── bufferjs@3.0.1
212 silly idealTree:prePrune ├── bufferstream@0.6.2
212 silly idealTree:prePrune ├── buffertools@2.1.4
212 silly idealTree:prePrune ├── bytes@2.4.0
212 silly idealTree:prePrune ├── content-disposition@0.5.1
212 silly idealTree:prePrune ├── content-type@1.0.2
212 silly idealTree:prePrune ├── cookie-signature@1.0.6
212 silly idealTree:prePrune ├── cookie@0.3.1
212 silly idealTree:prePrune ├── core-util-is@1.0.2
212 silly idealTree:prePrune ├── debug@2.2.0
212 silly idealTree:prePrune ├── depd@1.1.0
212 silly idealTree:prePrune ├── destroy@1.0.4
212 silly idealTree:prePrune ├── ee-first@1.1.1
212 silly idealTree:prePrune ├── encodeurl@1.0.1
212 silly idealTree:prePrune ├── es6-promise@3.2.1
212 silly idealTree:prePrune ├── escape-html@1.0.3
212 silly idealTree:prePrune ├── etag@1.7.0
212 silly idealTree:prePrune ├── express@4.14.0
212 silly idealTree:prePrune ├── finalhandler@0.5.0
212 silly idealTree:prePrune ├── forwarded@0.1.0
212 silly idealTree:prePrune ├── fresh@0.3.0
212 silly idealTree:prePrune ├── http-errors@1.5.0
212 silly idealTree:prePrune ├── iconv-lite@0.4.13
212 silly idealTree:prePrune ├── inherits@2.0.1
212 silly idealTree:prePrune ├── ipaddr.js@1.1.1
212 silly idealTree:prePrune ├── isarray@1.0.0
212 silly idealTree:prePrune ├── media-typer@0.3.0
212 silly idealTree:prePrune ├── merge-descriptors@1.0.1
212 silly idealTree:prePrune ├── methods@1.1.2
212 silly idealTree:prePrune ├── mime-db@1.23.0
212 silly idealTree:prePrune ├── mime-types@2.1.11
212 silly idealTree:prePrune ├── mime@1.3.4
212 silly idealTree:prePrune ├── mongodb-core@2.0.11
212 silly idealTree:prePrune ├── mongodb@2.2.9
212 silly idealTree:prePrune ├── ms@0.7.1
212 silly idealTree:prePrune ├── negotiator@0.6.1
212 silly idealTree:prePrune ├── on-finished@2.3.0
212 silly idealTree:prePrune ├── parseurl@1.3.1
212 silly idealTree:prePrune ├── path-to-regexp@0.1.7
212 silly idealTree:prePrune ├── process-nextick-args@1.0.7
212 silly idealTree:prePrune ├── proxy-addr@1.1.2
212 silly idealTree:prePrune ├── qs@6.2.0
212 silly idealTree:prePrune ├── range-parser@1.2.0
212 silly idealTree:prePrune ├── raw-body@2.1.7
212 silly idealTree:prePrune ├── readable-stream@2.1.5
212 silly idealTree:prePrune ├── require_optional@1.0.0
212 silly idealTree:prePrune ├── resolve-from@2.0.0
212 silly idealTree:prePrune ├── semver@5.3.0
212 silly idealTree:prePrune ├── send@0.14.1
212 silly idealTree:prePrune ├── serve-static@1.11.1
212 silly idealTree:prePrune ├── setprototypeof@1.0.1
212 silly idealTree:prePrune ├── slug@0.9.1
212 silly idealTree:prePrune ├── statuses@1.3.0
212 silly idealTree:prePrune ├── string_decoder@0.10.31
212 silly idealTree:prePrune ├── type-is@1.6.13
212 silly idealTree:prePrune ├── unicode@0.6.1
212 silly idealTree:prePrune ├── unpipe@1.0.0
212 silly idealTree:prePrune ├── util-deprecate@1.0.2
212 silly idealTree:prePrune ├── util@0.10.3
212 silly idealTree:prePrune ├── utils-merge@1.0.0
212 silly idealTree:prePrune └── vary@1.1.0
213 silly loadIdealTree Finishing
214 silly currentTree hairdresser-helper-api@1.0.0
214 silly currentTree ├── accepts@1.3.3
214 silly currentTree ├── array-flatten@1.1.1
214 silly currentTree ├── assert@1.4.1
214 silly currentTree ├── body-parser@1.15.2
214 silly currentTree ├── bson@0.5.4
214 silly currentTree ├── buffer-shims@1.0.0
214 silly currentTree ├── bytes@2.4.0
214 silly currentTree ├── content-disposition@0.5.1
214 silly currentTree ├── content-type@1.0.2
214 silly currentTree ├── cookie-signature@1.0.6
214 silly currentTree ├── cookie@0.3.1
214 silly currentTree ├── core-util-is@1.0.2
214 silly currentTree ├── debug@2.2.0
214 silly currentTree ├── depd@1.1.0
214 silly currentTree ├── destroy@1.0.4
214 silly currentTree ├── ee-first@1.1.1
214 silly currentTree ├── encodeurl@1.0.1
214 silly currentTree ├── es6-promise@3.2.1
214 silly currentTree ├── escape-html@1.0.3
214 silly currentTree ├── etag@1.7.0
214 silly currentTree ├── express@4.14.0
214 silly currentTree ├── finalhandler@0.5.0
214 silly currentTree ├── forwarded@0.1.0
214 silly currentTree ├── fresh@0.3.0
214 silly currentTree ├── http-errors@1.5.0
214 silly currentTree ├── iconv-lite@0.4.13
214 silly currentTree ├── inherits@2.0.1
214 silly currentTree ├── ipaddr.js@1.1.1
214 silly currentTree ├── isarray@1.0.0
214 silly currentTree ├── media-typer@0.3.0
214 silly currentTree ├── merge-descriptors@1.0.1
214 silly currentTree ├── methods@1.1.2
214 silly currentTree ├── mime-db@1.23.0
214 silly currentTree ├── mime-types@2.1.11
214 silly currentTree ├── mime@1.3.4
214 silly currentTree ├── mongodb-core@2.0.11
214 silly currentTree ├── mongodb@2.2.9
214 silly currentTree ├── ms@0.7.1
214 silly currentTree ├── negotiator@0.6.1
214 silly currentTree ├── on-finished@2.3.0
214 silly currentTree ├── parseurl@1.3.1
214 silly currentTree ├── path-to-regexp@0.1.7
214 silly currentTree ├── process-nextick-args@1.0.7
214 silly currentTree ├── proxy-addr@1.1.2
214 silly currentTree ├── qs@6.2.0
214 silly currentTree ├── range-parser@1.2.0
214 silly currentTree ├── raw-body@2.1.7
214 silly currentTree ├── readable-stream@2.1.5
214 silly currentTree ├── require_optional@1.0.0
214 silly currentTree ├── resolve-from@2.0.0
214 silly currentTree ├── semver@5.3.0
214 silly currentTree ├── send@0.14.1
214 silly currentTree ├── serve-static@1.11.1
214 silly currentTree ├── setprototypeof@1.0.1
214 silly currentTree ├── statuses@1.3.0
214 silly currentTree ├── string_decoder@0.10.31
214 silly currentTree ├── type-is@1.6.13
214 silly currentTree ├── unpipe@1.0.0
214 silly currentTree ├── util-deprecate@1.0.2
214 silly currentTree ├── util@0.10.3
214 silly currentTree ├── utils-merge@1.0.0
214 silly currentTree └── vary@1.1.0
215 silly idealTree hairdresser-helper-api@1.0.0
215 silly idealTree ├── accepts@1.3.3
215 silly idealTree ├── array-flatten@1.1.1
215 silly idealTree ├── assert@1.4.1
215 silly idealTree ├── body-parser@1.15.2
215 silly idealTree ├── bson@0.5.4
215 silly idealTree ├── buffer-shims@1.0.0
215 silly idealTree ├── bufferjs@3.0.1
215 silly idealTree ├── bufferstream@0.6.2
215 silly idealTree ├── buffertools@2.1.4
215 silly idealTree ├── bytes@2.4.0
215 silly idealTree ├── content-disposition@0.5.1
215 silly idealTree ├── content-type@1.0.2
215 silly idealTree ├── cookie-signature@1.0.6
215 silly idealTree ├── cookie@0.3.1
215 silly idealTree ├── core-util-is@1.0.2
215 silly idealTree ├── debug@2.2.0
215 silly idealTree ├── depd@1.1.0
215 silly idealTree ├── destroy@1.0.4
215 silly idealTree ├── ee-first@1.1.1
215 silly idealTree ├── encodeurl@1.0.1
215 silly idealTree ├── es6-promise@3.2.1
215 silly idealTree ├── escape-html@1.0.3
215 silly idealTree ├── etag@1.7.0
215 silly idealTree ├── express@4.14.0
215 silly idealTree ├── finalhandler@0.5.0
215 silly idealTree ├── forwarded@0.1.0
215 silly idealTree ├── fresh@0.3.0
215 silly idealTree ├── http-errors@1.5.0
215 silly idealTree ├── iconv-lite@0.4.13
215 silly idealTree ├── inherits@2.0.1
215 silly idealTree ├── ipaddr.js@1.1.1
215 silly idealTree ├── isarray@1.0.0
215 silly idealTree ├── media-typer@0.3.0
215 silly idealTree ├── merge-descriptors@1.0.1
215 silly idealTree ├── methods@1.1.2
215 silly idealTree ├── mime-db@1.23.0
215 silly idealTree ├── mime-types@2.1.11
215 silly idealTree ├── mime@1.3.4
215 silly idealTree ├── mongodb-core@2.0.11
215 silly idealTree ├── mongodb@2.2.9
215 silly idealTree ├── ms@0.7.1
215 silly idealTree ├── negotiator@0.6.1
215 silly idealTree ├── on-finished@2.3.0
215 silly idealTree ├── parseurl@1.3.1
215 silly idealTree ├── path-to-regexp@0.1.7
215 silly idealTree ├── process-nextick-args@1.0.7
215 silly idealTree ├── proxy-addr@1.1.2
215 silly idealTree ├── qs@6.2.0
215 silly idealTree ├── range-parser@1.2.0
215 silly idealTree ├── raw-body@2.1.7
215 silly idealTree ├── readable-stream@2.1.5
215 silly idealTree ├── require_optional@1.0.0
215 silly idealTree ├── resolve-from@2.0.0
215 silly idealTree ├── semver@5.3.0
215 silly idealTree ├── send@0.14.1
215 silly idealTree ├── serve-static@1.11.1
215 silly idealTree ├── setprototypeof@1.0.1
215 silly idealTree ├── slug@0.9.1
215 silly idealTree ├── statuses@1.3.0
215 silly idealTree ├── string_decoder@0.10.31
215 silly idealTree ├── type-is@1.6.13
215 silly idealTree ├── unicode@0.6.1
215 silly idealTree ├── unpipe@1.0.0
215 silly idealTree ├── util-deprecate@1.0.2
215 silly idealTree ├── util@0.10.3
215 silly idealTree ├── utils-merge@1.0.0
215 silly idealTree └── vary@1.1.0
216 silly generateActionsToTake Starting
217 silly install generateActionsToTake
218 silly generateActionsToTake Finishing
219 silly diffTrees action count 5
220 silly diffTrees add bufferjs@3.0.1
221 silly diffTrees add buffertools@2.1.4
222 silly diffTrees add bufferstream@0.6.2
223 silly diffTrees add unicode@0.6.1
224 silly diffTrees add slug@0.9.1
225 silly decomposeActions action count 40
226 silly decomposeActions fetch bufferjs@3.0.1
227 silly decomposeActions extract bufferjs@3.0.1
228 silly decomposeActions test bufferjs@3.0.1
229 silly decomposeActions preinstall bufferjs@3.0.1
230 silly decomposeActions build bufferjs@3.0.1
231 silly decomposeActions install bufferjs@3.0.1
232 silly decomposeActions postinstall bufferjs@3.0.1
233 silly decomposeActions finalize bufferjs@3.0.1
234 silly decomposeActions fetch buffertools@2.1.4
235 silly decomposeActions extract buffertools@2.1.4
236 silly decomposeActions test buffertools@2.1.4
237 silly decomposeActions preinstall buffertools@2.1.4
238 silly decomposeActions build buffertools@2.1.4
239 silly decomposeActions install buffertools@2.1.4
240 silly decomposeActions postinstall buffertools@2.1.4
241 silly decomposeActions finalize buffertools@2.1.4
242 silly decomposeActions fetch bufferstream@0.6.2
243 silly decomposeActions extract bufferstream@0.6.2
244 silly decomposeActions test bufferstream@0.6.2
245 silly decomposeActions preinstall bufferstream@0.6.2
246 silly decomposeActions build bufferstream@0.6.2
247 silly decomposeActions install bufferstream@0.6.2
248 silly decomposeActions postinstall bufferstream@0.6.2
249 silly decomposeActions finalize bufferstream@0.6.2
250 silly decomposeActions fetch unicode@0.6.1
251 silly decomposeActions extract unicode@0.6.1
252 silly decomposeActions test unicode@0.6.1
253 silly decomposeActions preinstall unicode@0.6.1
254 silly decomposeActions build unicode@0.6.1
255 silly decomposeActions install unicode@0.6.1
256 silly decomposeActions postinstall unicode@0.6.1
257 silly decomposeActions finalize unicode@0.6.1
258 silly decomposeActions fetch slug@0.9.1
259 silly decomposeActions extract slug@0.9.1
260 silly decomposeActions test slug@0.9.1
261 silly decomposeActions preinstall slug@0.9.1
262 silly decomposeActions build slug@0.9.1
263 silly decomposeActions install slug@0.9.1
264 silly decomposeActions postinstall slug@0.9.1
265 silly decomposeActions finalize slug@0.9.1
266 silly executeActions Starting
267 silly install executeActions
268 silly doSerial global-install 0
269 silly doParallel fetch 5
270 verbose correctMkdir /Users/macbookpro/.npm/_locks correctMkdir not in flight; initializing
271 verbose lock using /Users/macbookpro/.npm/_locks/staging-717547af8d9aa1de.lock for /Users/macbookpro/Developments/HairdresserHelper/api/node_modules/.staging
272 silly doParallel extract 5
273 silly extract bufferjs@3.0.1
274 silly extract buffertools@2.1.4
275 silly extract bufferstream@0.6.2
276 silly extract unicode@0.6.1
277 silly extract slug@0.9.1
278 verbose unbuild node_modules/.staging/bufferjs-86de0ce0
279 verbose unbuild node_modules/.staging/buffertools-6e0f3bcf
280 verbose unbuild node_modules/.staging/bufferstream-340cdc9f
281 verbose unbuild node_modules/.staging/unicode-1f4f1ddf
282 verbose unbuild node_modules/.staging/slug-ad70c493
283 silly gentlyRm /Users/macbookpro/Developments/HairdresserHelper/api/node_modules/.staging/bufferjs-86de0ce0 is being purged from base /Users/macbookpro/Developments/HairdresserHelper/api
284 verbose gentlyRm don't care about contents; nuking /Users/macbookpro/Developments/HairdresserHelper/api/node_modules/.staging/bufferjs-86de0ce0
285 silly gentlyRm /Users/macbookpro/Developments/HairdresserHelper/api/node_modules/.staging/buffertools-6e0f3bcf is being purged from base /Users/macbookpro/Developments/HairdresserHelper/api
286 verbose gentlyRm don't care about contents; nuking /Users/macbookpro/Developments/HairdresserHelper/api/node_modules/.staging/buffertools-6e0f3bcf
287 silly gentlyRm /Users/macbookpro/Developments/HairdresserHelper/api/node_modules/.staging/bufferstream-340cdc9f is being purged from base /Users/macbookpro/Developments/HairdresserHelper/api
288 verbose gentlyRm don't care about contents; nuking /Users/macbookpro/Developments/HairdresserHelper/api/node_modules/.staging/bufferstream-340cdc9f
289 silly gentlyRm /Users/macbookpro/Developments/HairdresserHelper/api/node_modules/.staging/unicode-1f4f1ddf is being purged from base /Users/macbookpro/Developments/HairdresserHelper/api
290 verbose gentlyRm don't care about contents; nuking /Users/macbookpro/Developments/HairdresserHelper/api/node_modules/.staging/unicode-1f4f1ddf
291 verbose tar unpack /Users/macbookpro/.npm/bufferjs/3.0.1/package.tgz
292 verbose tar unpacking to /Users/macbookpro/Developments/HairdresserHelper/api/node_modules/.staging/bufferjs-86de0ce0
293 silly gentlyRm /Users/macbookpro/Developments/HairdresserHelper/api/node_modules/.staging/bufferjs-86de0ce0 is being purged
294 verbose gentlyRm don't care about contents; nuking /Users/macbookpro/Developments/HairdresserHelper/api/node_modules/.staging/bufferjs-86de0ce0
295 verbose tar unpack /Users/macbookpro/.npm/buffertools/2.1.4/package.tgz
296 verbose tar unpacking to /Users/macbookpro/Developments/HairdresserHelper/api/node_modules/.staging/buffertools-6e0f3bcf
297 silly gentlyRm /Users/macbookpro/Developments/HairdresserHelper/api/node_modules/.staging/buffertools-6e0f3bcf is being purged
298 verbose gentlyRm don't care about contents; nuking /Users/macbookpro/Developments/HairdresserHelper/api/node_modules/.staging/buffertools-6e0f3bcf
299 verbose tar unpack /Users/macbookpro/.npm/bufferstream/0.6.2/package.tgz
300 verbose tar unpacking to /Users/macbookpro/Developments/HairdresserHelper/api/node_modules/.staging/bufferstream-340cdc9f
301 silly gentlyRm /Users/macbookpro/Developments/HairdresserHelper/api/node_modules/.staging/bufferstream-340cdc9f is being purged
302 verbose gentlyRm don't care about contents; nuking /Users/macbookpro/Developments/HairdresserHelper/api/node_modules/.staging/bufferstream-340cdc9f
303 verbose tar unpack /Users/macbookpro/.npm/unicode/0.6.1/package.tgz
304 verbose tar unpacking to /Users/macbookpro/Developments/HairdresserHelper/api/node_modules/.staging/unicode-1f4f1ddf
305 silly gentlyRm /Users/macbookpro/Developments/HairdresserHelper/api/node_modules/.staging/unicode-1f4f1ddf is being purged
306 verbose gentlyRm don't care about contents; nuking /Users/macbookpro/Developments/HairdresserHelper/api/node_modules/.staging/unicode-1f4f1ddf
307 silly gentlyRm /Users/macbookpro/Developments/HairdresserHelper/api/node_modules/.staging/slug-ad70c493 is being purged from base /Users/macbookpro/Developments/HairdresserHelper/api
308 verbose gentlyRm don't care about contents; nuking /Users/macbookpro/Developments/HairdresserHelper/api/node_modules/.staging/slug-ad70c493
309 silly gunzTarPerm modes [ '755', '644' ]
310 silly gunzTarPerm modes [ '755', '644' ]
311 silly gunzTarPerm modes [ '755', '644' ]
312 silly gunzTarPerm modes [ '755', '644' ]
313 verbose tar unpack /Users/macbookpro/.npm/slug/0.9.1/package.tgz
314 verbose tar unpacking to /Users/macbookpro/Developments/HairdresserHelper/api/node_modules/.staging/slug-ad70c493
315 silly gentlyRm /Users/macbookpro/Developments/HairdresserHelper/api/node_modules/.staging/slug-ad70c493 is being purged
316 verbose gentlyRm don't care about contents; nuking /Users/macbookpro/Developments/HairdresserHelper/api/node_modules/.staging/slug-ad70c493
317 silly gunzTarPerm modes [ '755', '644' ]
318 silly gunzTarPerm extractEntry package.json
319 silly gunzTarPerm extractEntry package.json
320 silly gunzTarPerm modified mode [ 'package.json', 436, 420 ]
321 silly gunzTarPerm extractEntry package.json
322 silly gunzTarPerm extractEntry package.json
323 silly gunzTarPerm extractEntry package.json
324 silly gunzTarPerm extractEntry .npmignore
325 silly gunzTarPerm modified mode [ '.npmignore', 436, 420 ]
326 silly gunzTarPerm extractEntry README.md
327 silly gunzTarPerm modified mode [ 'README.md', 436, 420 ]
328 silly gunzTarPerm extractEntry .npmignore
329 silly gunzTarPerm extractEntry README.md
330 silly gunzTarPerm extractEntry .npmignore
331 silly gunzTarPerm extractEntry README.md
332 silly gunzTarPerm extractEntry add-chunk.js
333 silly gunzTarPerm extractEntry index.js
334 silly gunzTarPerm extractEntry .npmignore
335 silly gunzTarPerm extractEntry README.md
336 silly gunzTarPerm extractEntry LICENSE
337 silly gunzTarPerm extractEntry install.js
338 silly gunzTarPerm extractEntry indexOf.js
339 silly gunzTarPerm extractEntry LICENSE
340 silly gunzTarPerm modified mode [ 'LICENSE', 436, 420 ]
341 silly gunzTarPerm extractEntry buffertools.js
342 silly gunzTarPerm modified mode [ 'buffertools.js', 436, 420 ]
343 silly gunzTarPerm extractEntry LICENSE
344 silly gunzTarPerm extractEntry bufferstream.js
345 silly gunzTarPerm extractEntry LICENSE
346 silly gunzTarPerm extractEntry slug.js
347 silly gunzTarPerm extractEntry test.js
348 silly gunzTarPerm extractEntry .travis.yml
349 silly gunzTarPerm extractEntry events.js
350 silly gunzTarPerm extractEntry postbuffer.js
351 silly gunzTarPerm extractEntry test.js
352 silly gunzTarPerm modified mode [ 'test.js', 436, 420 ]
353 silly gunzTarPerm extractEntry binding.gyp
354 silly gunzTarPerm modified mode [ 'binding.gyp', 436, 420 ]
355 silly gunzTarPerm extractEntry buffertools.cc
356 silly gunzTarPerm modified mode [ 'buffertools.cc', 436, 420 ]
357 silly gunzTarPerm extractEntry BoyerMoore.h
358 silly gunzTarPerm modified mode [ 'BoyerMoore.h', 436, 420 ]
359 silly gunzTarPerm extractEntry AUTHORS
360 silly gunzTarPerm modified mode [ 'AUTHORS', 436, 420 ]
361 silly gunzTarPerm extractEntry .mailmap
362 silly gunzTarPerm modified mode [ '.mailmap', 436, 420 ]
363 silly gunzTarPerm extractEntry slug-browser.js
364 silly gunzTarPerm extractEntry category/README
365 silly gunzTarPerm extractEntry .kateproject
366 silly gunzTarPerm extractEntry test.js
367 silly gunzTarPerm extractEntry foobar.js
368 silly gunzTarPerm extractEntry .travis.yml
369 silly gunzTarPerm extractEntry lib/buffer-stream.js
370 silly gunzTarPerm extractEntry .travis.yml
371 silly gunzTarPerm extractEntry bower.json
372 silly gentlyRm /Users/macbookpro/Developments/HairdresserHelper/api/node_modules/.staging/bufferjs-86de0ce0/node_modules is being purged
373 verbose gentlyRm don't care about contents; nuking /Users/macbookpro/Developments/HairdresserHelper/api/node_modules/.staging/bufferjs-86de0ce0/node_modules
374 silly gunzTarPerm extractEntry lib/fn.js
375 silly gunzTarPerm extractEntry lib/post-buffer.js
376 silly gunzTarPerm extractEntry bin/slug.js
377 silly gunzTarPerm extractEntry test/slug.test.coffee
378 silly gunzTarPerm extractEntry .kateproject.d/notes.txt
379 silly gunzTarPerm extractEntry ..travis.yml.un~
380 silly gunzTarPerm extractEntry test/buffer.js
381 silly gunzTarPerm extractEntry test/stream.js
382 silly gunzTarPerm extractEntry todo
383 silly gentlyRm /Users/macbookpro/Developments/HairdresserHelper/api/node_modules/.staging/unicode-1f4f1ddf/node_modules is being purged
384 verbose gentlyRm don't care about contents; nuking /Users/macbookpro/Developments/HairdresserHelper/api/node_modules/.staging/unicode-1f4f1ddf/node_modules
385 silly gentlyRm /Users/macbookpro/Developments/HairdresserHelper/api/node_modules/.staging/buffertools-6e0f3bcf/node_modules is being purged
386 verbose gentlyRm don't care about contents; nuking /Users/macbookpro/Developments/HairdresserHelper/api/node_modules/.staging/buffertools-6e0f3bcf/node_modules
387 silly gentlyRm /Users/macbookpro/Developments/HairdresserHelper/api/node_modules/.staging/slug-ad70c493/node_modules is being purged
388 verbose gentlyRm don't care about contents; nuking /Users/macbookpro/Developments/HairdresserHelper/api/node_modules/.staging/slug-ad70c493/node_modules
389 silly gentlyRm /Users/macbookpro/Developments/HairdresserHelper/api/node_modules/.staging/bufferstream-340cdc9f/node_modules is being purged
390 verbose gentlyRm don't care about contents; nuking /Users/macbookpro/Developments/HairdresserHelper/api/node_modules/.staging/bufferstream-340cdc9f/node_modules
391 silly doParallel preinstall 5
392 silly preinstall bufferjs@3.0.1 /Users/macbookpro/Developments/HairdresserHelper/api/node_modules/.staging/bufferjs-86de0ce0
393 info lifecycle bufferjs@3.0.1~preinstall: bufferjs@3.0.1
394 silly preinstall buffertools@2.1.4 /Users/macbookpro/Developments/HairdresserHelper/api/node_modules/.staging/buffertools-6e0f3bcf
395 info lifecycle buffertools@2.1.4~preinstall: buffertools@2.1.4
396 silly preinstall bufferstream@0.6.2 /Users/macbookpro/Developments/HairdresserHelper/api/node_modules/.staging/bufferstream-340cdc9f
397 info lifecycle bufferstream@0.6.2~preinstall: bufferstream@0.6.2
398 silly preinstall unicode@0.6.1 /Users/macbookpro/Developments/HairdresserHelper/api/node_modules/.staging/unicode-1f4f1ddf
399 info lifecycle unicode@0.6.1~preinstall: unicode@0.6.1
400 silly preinstall slug@0.9.1 /Users/macbookpro/Developments/HairdresserHelper/api/node_modules/.staging/slug-ad70c493
401 info lifecycle slug@0.9.1~preinstall: slug@0.9.1
402 silly lifecycle bufferjs@3.0.1~preinstall: no script for preinstall, continuing
403 silly lifecycle buffertools@2.1.4~preinstall: no script for preinstall, continuing
404 silly lifecycle bufferstream@0.6.2~preinstall: no script for preinstall, continuing
405 silly lifecycle unicode@0.6.1~preinstall: no script for preinstall, continuing
406 silly lifecycle slug@0.9.1~preinstall: no script for preinstall, continuing
407 silly doReverseSerial remove 0
408 silly doSerial move 0
409 silly doSerial finalize 5
410 silly finalize /Users/macbookpro/Developments/HairdresserHelper/api/node_modules/bufferjs
411 silly finalize /Users/macbookpro/Developments/HairdresserHelper/api/node_modules/buffertools
412 silly finalize /Users/macbookpro/Developments/HairdresserHelper/api/node_modules/bufferstream
413 silly finalize /Users/macbookpro/Developments/HairdresserHelper/api/node_modules/unicode
414 silly finalize /Users/macbookpro/Developments/HairdresserHelper/api/node_modules/slug
415 silly doSerial build 5
416 silly build bufferjs@3.0.1
417 info linkStuff bufferjs@3.0.1
418 silly linkStuff bufferjs@3.0.1 has /Users/macbookpro/Developments/HairdresserHelper/api/node_modules as its parent node_modules
419 verbose linkBins bufferjs@3.0.1
420 verbose linkMans bufferjs@3.0.1
421 silly build buffertools@2.1.4
422 info linkStuff buffertools@2.1.4
423 silly linkStuff buffertools@2.1.4 has /Users/macbookpro/Developments/HairdresserHelper/api/node_modules as its parent node_modules
424 verbose linkBins buffertools@2.1.4
425 verbose linkMans buffertools@2.1.4
426 silly build bufferstream@0.6.2
427 info linkStuff bufferstream@0.6.2
428 silly linkStuff bufferstream@0.6.2 has /Users/macbookpro/Developments/HairdresserHelper/api/node_modules as its parent node_modules
429 verbose linkBins bufferstream@0.6.2
430 verbose linkMans bufferstream@0.6.2
431 silly build unicode@0.6.1
432 info linkStuff unicode@0.6.1
433 silly linkStuff unicode@0.6.1 has /Users/macbookpro/Developments/HairdresserHelper/api/node_modules as its parent node_modules
434 verbose linkBins unicode@0.6.1
435 verbose linkMans unicode@0.6.1
436 silly build slug@0.9.1
437 info linkStuff slug@0.9.1
438 silly linkStuff slug@0.9.1 has /Users/macbookpro/Developments/HairdresserHelper/api/node_modules as its parent node_modules
439 verbose linkBins slug@0.9.1
440 verbose link bins [ { slug: 'bin/slug.js' },
440 verbose link bins   '/Users/macbookpro/Developments/HairdresserHelper/api/node_modules/.bin',
440 verbose link bins   false ]
441 verbose linkMans slug@0.9.1
442 silly gentlyRm /Users/macbookpro/Developments/HairdresserHelper/api/node_modules/.bin/slug is being purged
443 verbose gentlyRm don't care about contents; nuking /Users/macbookpro/Developments/HairdresserHelper/api/node_modules/.bin/slug
444 silly doSerial global-link 0
445 silly doParallel update-linked 0
446 silly doSerial install 5
447 silly install bufferjs@3.0.1 /Users/macbookpro/Developments/HairdresserHelper/api/node_modules/.staging/bufferjs-86de0ce0
448 info lifecycle bufferjs@3.0.1~install: bufferjs@3.0.1
449 silly lifecycle bufferjs@3.0.1~install: no script for install, continuing
450 silly install buffertools@2.1.4 /Users/macbookpro/Developments/HairdresserHelper/api/node_modules/.staging/buffertools-6e0f3bcf
451 info lifecycle buffertools@2.1.4~install: buffertools@2.1.4
452 verbose lifecycle buffertools@2.1.4~install: unsafe-perm in lifecycle true
453 verbose lifecycle buffertools@2.1.4~install: PATH: /usr/local/lib/node_modules/npm/bin/node-gyp-bin:/Users/macbookpro/Developments/HairdresserHelper/api/node_modules/buffertools/node_modules/.bin:/Users/macbookpro/Developments/HairdresserHelper/api/node_modules/.bin:/usr/local/bin:/usr/local/php-5.5.29/bin:/usr/local/bin:/usr/bin:/bin:/usr/sbin:/sbin:/Users/macbookpro/.composer/vendor/bin
454 verbose lifecycle buffertools@2.1.4~install: CWD: /Users/macbookpro/Developments/HairdresserHelper/api/node_modules/buffertools
455 silly lifecycle buffertools@2.1.4~install: Args: [ '-c', 'node-gyp rebuild' ]
456 silly lifecycle buffertools@2.1.4~install: Returned: code: 1  signal: null
457 info lifecycle buffertools@2.1.4~install: Failed to exec install script
458 warn install:buffertools@2.1.4 buffertools@2.1.4 install: `node-gyp rebuild`
458 warn install:buffertools@2.1.4 Exit status 1
459 verbose install:buffertools@2.1.4 Error: buffertools@2.1.4 install: `node-gyp rebuild`
459 verbose install:buffertools@2.1.4 Exit status 1
459 verbose install:buffertools@2.1.4     at EventEmitter.<anonymous> (/usr/local/lib/node_modules/npm/lib/utils/lifecycle.js:239:16)
459 verbose install:buffertools@2.1.4     at emitTwo (events.js:88:13)
459 verbose install:buffertools@2.1.4     at EventEmitter.emit (events.js:173:7)
459 verbose install:buffertools@2.1.4     at ChildProcess.<anonymous> (/usr/local/lib/node_modules/npm/lib/utils/spawn.js:24:14)
459 verbose install:buffertools@2.1.4     at emitTwo (events.js:88:13)
459 verbose install:buffertools@2.1.4     at ChildProcess.emit (events.js:173:7)
459 verbose install:buffertools@2.1.4     at maybeClose (internal/child_process.js:819:16)
459 verbose install:buffertools@2.1.4     at Process.ChildProcess._handle.onexit (internal/child_process.js:212:5)
460 silly install bufferstream@0.6.2 /Users/macbookpro/Developments/HairdresserHelper/api/node_modules/.staging/bufferstream-340cdc9f
461 info lifecycle bufferstream@0.6.2~install: bufferstream@0.6.2
462 silly lifecycle bufferstream@0.6.2~install: no script for install, continuing
463 silly install unicode@0.6.1 /Users/macbookpro/Developments/HairdresserHelper/api/node_modules/.staging/unicode-1f4f1ddf
464 info lifecycle unicode@0.6.1~install: unicode@0.6.1
465 silly lifecycle unicode@0.6.1~install: no script for install, continuing
466 silly install slug@0.9.1 /Users/macbookpro/Developments/HairdresserHelper/api/node_modules/.staging/slug-ad70c493
467 info lifecycle slug@0.9.1~install: slug@0.9.1
468 silly lifecycle slug@0.9.1~install: no script for install, continuing
469 silly doSerial postinstall 5
470 silly postinstall bufferjs@3.0.1 /Users/macbookpro/Developments/HairdresserHelper/api/node_modules/.staging/bufferjs-86de0ce0
471 info lifecycle bufferjs@3.0.1~postinstall: bufferjs@3.0.1
472 silly lifecycle bufferjs@3.0.1~postinstall: no script for postinstall, continuing
473 silly postinstall bufferstream@0.6.2 /Users/macbookpro/Developments/HairdresserHelper/api/node_modules/.staging/bufferstream-340cdc9f
474 info lifecycle bufferstream@0.6.2~postinstall: bufferstream@0.6.2
475 silly lifecycle bufferstream@0.6.2~postinstall: no script for postinstall, continuing
476 silly postinstall unicode@0.6.1 /Users/macbookpro/Developments/HairdresserHelper/api/node_modules/.staging/unicode-1f4f1ddf
477 info lifecycle unicode@0.6.1~postinstall: unicode@0.6.1
478 verbose lifecycle unicode@0.6.1~postinstall: unsafe-perm in lifecycle true
479 verbose lifecycle unicode@0.6.1~postinstall: PATH: /usr/local/lib/node_modules/npm/bin/node-gyp-bin:/Users/macbookpro/Developments/HairdresserHelper/api/node_modules/unicode/node_modules/.bin:/Users/macbookpro/Developments/HairdresserHelper/api/node_modules/.bin:/usr/local/bin:/usr/local/php-5.5.29/bin:/usr/local/bin:/usr/bin:/bin:/usr/sbin:/sbin:/Users/macbookpro/.composer/vendor/bin
480 verbose lifecycle unicode@0.6.1~postinstall: CWD: /Users/macbookpro/Developments/HairdresserHelper/api/node_modules/unicode
481 silly lifecycle unicode@0.6.1~postinstall: Args: [ '-c', 'node install.js' ]
482 silly lifecycle unicode@0.6.1~postinstall: Returned: code: 1  signal: null
483 info lifecycle unicode@0.6.1~postinstall: Failed to exec postinstall script
484 verbose unlock done using /Users/macbookpro/.npm/_locks/staging-717547af8d9aa1de.lock for /Users/macbookpro/Developments/HairdresserHelper/api/node_modules/.staging
485 silly rollbackFailedOptional Starting
486 silly rollbackFailedOptional Finishing
487 silly runTopLevelLifecycles Starting
488 silly runTopLevelLifecycles Finishing
489 silly install printInstalled
490 warn hairdresser-helper-api@1.0.0 No description
491 verbose stack Error: unicode@0.6.1 postinstall: `node install.js`
491 verbose stack Exit status 1
491 verbose stack     at EventEmitter.<anonymous> (/usr/local/lib/node_modules/npm/lib/utils/lifecycle.js:239:16)
491 verbose stack     at emitTwo (events.js:88:13)
491 verbose stack     at EventEmitter.emit (events.js:173:7)
491 verbose stack     at ChildProcess.<anonymous> (/usr/local/lib/node_modules/npm/lib/utils/spawn.js:24:14)
491 verbose stack     at emitTwo (events.js:88:13)
491 verbose stack     at ChildProcess.emit (events.js:173:7)
491 verbose stack     at maybeClose (internal/child_process.js:819:16)
491 verbose stack     at Process.ChildProcess._handle.onexit (internal/child_process.js:212:5)
492 verbose pkgid unicode@0.6.1
493 verbose cwd /Users/macbookpro/Developments/HairdresserHelper/api
494 error Darwin 15.4.0
495 error argv "/usr/local/bin/node" "/usr/local/bin/npm" "i" "--save" "slug"
496 error node v5.2.0
497 error npm  v3.8.6
498 error code ELIFECYCLE
499 error unicode@0.6.1 postinstall: `node install.js`
499 error Exit status 1
500 error Failed at the unicode@0.6.1 postinstall script 'node install.js'.
500 error Make sure you have the latest version of node.js and npm installed.
500 error If you do, this is most likely a problem with the unicode package,
500 error not with npm itself.
500 error Tell the author that this fails on your system:
500 error     node install.js
500 error You can get information on how to open an issue for this project with:
500 error     npm bugs unicode
500 error Or if that isn't available, you can get their info via:
500 error     npm owner ls unicode
500 error There is likely additional logging output above.
501 verbose exit [ 1, true ]
